macAddresses: /00-25-90-4B-14-57/00-25-90-4B-14-56
activationUrl: http://www.exocortex.com/simulation/implosiafx
purchaseUrl: http://www.exocortex.com/simulation/implosiafx
productName: ExocortexImplosiaFX1.6
licenseMessage: Could not find a license file for $PRODUCTNAME$.
licensingMode: 0
daysRemaining: 0
Unhandled exception occured:

Type: InvalidOperationException
Message: Showing a modal dialog box or form when the application is not running in UserInteractive mode is not a valid operation. Specify the ServiceNotification or DefaultDesktopOnly style to display a notification from a service application.

Diagnostic log is located here:
\\resources\resources\vfx\jeeves\softimage\workgroups\2014_SP2\Addons\ExocortexImplosiaFX1.6\Application\Plugins\bin\nt-x86-64\eah-2014Apr11_16h10.log

Please report this issue to support@exocortex.com with your details.
InvalidOperationException
   Msg: Showing a modal dialog box or form when the application is not running in UserInteractive mode is not a valid operation. Specify the ServiceNotification or DefaultDesktopOnly style to display a notification from a service application.
   Stack: 
      at System.Windows.Forms.Form.ShowDialog(IWin32Window owner)
   at System.Windows.Forms.Form.ShowDialog()
   at Exocortex.Apps.ExocortexActivationHelper.EAHApp.ShowLicensingDialog()
   at Exocortex.Apps.ExocortexActivationHelper.EAHMain.Main(String[] args)
}
macAddresses: /00-25-90-48-C2-63/00-25-90-48-C2-62
activationUrl: http://www.exocortex.com/simulation/implosiafx
purchaseUrl: http://www.exocortex.com/simulation/implosiafx
productName: ExocortexImplosiaFX1.6
licenseMessage: Could not find a license file for $PRODUCTNAME$.
licensingMode: 0
daysRemaining: 0
Unhandled exception occured:

Type: InvalidOperationException
Message: Showing a modal dialog box or form when the application is not running in UserInteractive mode is not a valid operation. Specify the ServiceNotification or DefaultDesktopOnly style to display a notification from a service application.

Diagnostic log is located here:
\\resources\resources\vfx\jeeves\softimage\workgroups\2014_SP2\Addons\ExocortexImplosiaFX1.6\Application\Plugins\bin\nt-x86-64\eah-2014Apr11_16h10.log

Please report this issue to support@exocortex.com with your details.
InvalidOperationException
   Msg: Showing a modal dialog box or form when the application is not running in UserInteractive mode is not a valid operation. Specify the ServiceNotification or DefaultDesktopOnly style to display a notification from a service application.
   Stack: 
      at System.Windows.Forms.Form.ShowDialog(IWin32Window owner)
   at System.Windows.Forms.Form.ShowDialog()
   at Exocortex.Apps.ExocortexActivationHelper.EAHApp.ShowLicensingDialog()
   at Exocortex.Apps.ExocortexActivationHelper.EAHMain.Main(String[] args)
}
macAddresses: /00-25-90-4B-13-37/00-25-90-4B-13-36
activationUrl: http://www.exocortex.com/simulation/implosiafx
purchaseUrl: http://www.exocortex.com/simulation/implosiafx
productName: ExocortexImplosiaFX1.6
licenseMessage: Could not find a license file for $PRODUCTNAME$.
licensingMode: 0
daysRemaining: 0
Unhandled exception occured:

Type: InvalidOperationException
Message: Showing a modal dialog box or form when the application is not running in UserInteractive mode is not a valid operation. Specify the ServiceNotification or DefaultDesktopOnly style to display a notification from a service application.

Diagnostic log is located here:
\\resources\resources\vfx\jeeves\softimage\workgroups\2014_SP2\Addons\ExocortexImplosiaFX1.6\Application\Plugins\bin\nt-x86-64\eah-2014Apr11_16h10.log

Please report this issue to support@exocortex.com with your details.
InvalidOperationException
   Msg: Showing a modal dialog box or form when the application is not running in UserInteractive mode is not a valid operation. Specify the ServiceNotification or DefaultDesktopOnly style to display a notification from a service application.
   Stack: 
      at System.Windows.Forms.Form.ShowDialog(IWin32Window owner)
   at System.Windows.Forms.Form.ShowDialog()
   at Exocortex.Apps.ExocortexActivationHelper.EAHApp.ShowLicensingDialog()
   at Exocortex.Apps.ExocortexActivationHelper.EAHMain.Main(String[] args)
}
macAddresses: /00-25-90-4B-0F-CB/00-25-90-4B-0F-CA
activationUrl: http://www.exocortex.com/simulation/implosiafx
purchaseUrl: http://www.exocortex.com/simulation/implosiafx
productName: ExocortexImplosiaFX1.6
licenseMessage: Could not find a license file for $PRODUCTNAME$.
licensingMode: 0
daysRemaining: 0
Unhandled exception occured:

Type: InvalidOperationException
Message: Showing a modal dialog box or form when the application is not running in UserInteractive mode is not a valid operation. Specify the ServiceNotification or DefaultDesktopOnly style to display a notification from a service application.

Diagnostic log is located here:
\\resources\resources\vfx\jeeves\softimage\workgroups\2014_SP2\Addons\ExocortexImplosiaFX1.6\Application\Plugins\bin\nt-x86-64\eah-2014Apr11_16h10.log

Please report this issue to support@exocortex.com with your details.
InvalidOperationException
   Msg: Showing a modal dialog box or form when the application is not running in UserInteractive mode is not a valid operation. Specify the ServiceNotification or DefaultDesktopOnly style to display a notification from a service application.
   Stack: 
      at System.Windows.Forms.Form.ShowDialog(IWin32Window owner)
   at System.Windows.Forms.Form.ShowDialog()
   at Exocortex.Apps.ExocortexActivationHelper.EAHApp.ShowLicensingDialog()
   at Exocortex.Apps.ExocortexActivationHelper.EAHMain.Main(String[] args)
}
macAddresses: /00-25-90-49-41-95/00-25-90-49-41-94
activationUrl: http://www.exocortex.com/simulation/implosiafx
purchaseUrl: http://www.exocortex.com/simulation/implosiafx
productName: ExocortexImplosiaFX1.6
licenseMessage: Could not find a license file for $PRODUCTNAME$.
licensingMode: 0
daysRemaining: 0
Unhandled exception occured:

Type: InvalidOperationException
Message: Showing a modal dialog box or form when the application is not running in UserInteractive mode is not a valid operation. Specify the ServiceNotification or DefaultDesktopOnly style to display a notification from a service application.

Diagnostic log is located here:
\\resources\resources\vfx\jeeves\softimage\workgroups\2014_SP2\Addons\ExocortexImplosiaFX1.6\Application\Plugins\bin\nt-x86-64\eah-2014Apr11_16h10.log

Please report this issue to support@exocortex.com with your details.
InvalidOperationException
   Msg: Showing a modal dialog box or form when the application is not running in UserInteractive mode is not a valid operation. Specify the ServiceNotification or DefaultDesktopOnly style to display a notification from a service application.
   Stack: 
      at System.Windows.Forms.Form.ShowDialog(IWin32Window owner)
   at System.Windows.Forms.Form.ShowDialog()
   at Exocortex.Apps.ExocortexActivationHelper.EAHApp.ShowLicensingDialog()
   at Exocortex.Apps.ExocortexActivationHelper.EAHMain.Main(String[] args)
}
macAddresses: /00-25-90-4B-14-6B/00-25-90-4B-14-6A
activationUrl: http://www.exocortex.com/simulation/implosiafx
purchaseUrl: http://www.exocortex.com/simulation/implosiafx
productName: ExocortexImplosiaFX1.6
licenseMessage: Could not find a license file for $PRODUCTNAME$.
licensingMode: 0
daysRemaining: 0
Unhandled exception occured:

Type: InvalidOperationException
Message: Showing a modal dialog box or form when the application is not running in UserInteractive mode is not a valid operation. Specify the ServiceNotification or DefaultDesktopOnly style to display a notification from a service application.

Diagnostic log is located here:
\\resources\resources\vfx\jeeves\softimage\workgroups\2014_SP2\Addons\ExocortexImplosiaFX1.6\Application\Plugins\bin\nt-x86-64\eah-2014Apr11_16h10.log

Please report this issue to support@exocortex.com with your details.
InvalidOperationException
   Msg: Showing a modal dialog box or form when the application is not running in UserInteractive mode is not a valid operation. Specify the ServiceNotification or DefaultDesktopOnly style to display a notification from a service application.
   Stack: 
      at System.Windows.Forms.Form.ShowDialog(IWin32Window owner)
   at System.Windows.Forms.Form.ShowDialog()
   at Exocortex.Apps.ExocortexActivationHelper.EAHApp.ShowLicensingDialog()
   at Exocortex.Apps.ExocortexActivationHelper.EAHMain.Main(String[] args)
}
macAddresses: /00-25-90-4B-13-57/00-25-90-4B-13-56
activationUrl: http://www.exocortex.com/simulation/implosiafx
purchaseUrl: http://www.exocortex.com/simulation/implosiafx
productName: ExocortexImplosiaFX1.6
licenseMessage: Could not find a license file for $PRODUCTNAME$.
licensingMode: 0
daysRemaining: 0
Unhandled exception occured:

Type: InvalidOperationException
Message: Showing a modal dialog box or form when the application is not running in UserInteractive mode is not a valid operation. Specify the ServiceNotification or DefaultDesktopOnly style to display a notification from a service application.

Diagnostic log is located here:
\\resources\resources\vfx\jeeves\softimage\workgroups\2014_SP2\Addons\ExocortexImplosiaFX1.6\Application\Plugins\bin\nt-x86-64\eah-2014Apr11_16h10.log

Please report this issue to support@exocortex.com with your details.
InvalidOperationException
   Msg: Showing a modal dialog box or form when the application is not running in UserInteractive mode is not a valid operation. Specify the ServiceNotification or DefaultDesktopOnly style to display a notification from a service application.
   Stack: 
      at System.Windows.Forms.Form.ShowDialog(IWin32Window owner)
   at System.Windows.Forms.Form.ShowDialog()
   at Exocortex.Apps.ExocortexActivationHelper.EAHApp.ShowLicensingDialog()
   at Exocortex.Apps.ExocortexActivationHelper.EAHMain.Main(String[] args)
}
macAddresses: /00-25-90-4B-0F-EB/00-25-90-4B-0F-EA
activationUrl: http://www.exocortex.com/simulation/implosiafx
purchaseUrl: http://www.exocortex.com/simulation/implosiafx
productName: ExocortexImplosiaFX1.6
licenseMessage: Could not find a license file for $PRODUCTNAME$.
licensingMode: 0
daysRemaining: 0
Unhandled exception occured:

Type: InvalidOperationException
Message: Showing a modal dialog box or form when the application is not running in UserInteractive mode is not a valid operation. Specify the ServiceNotification or DefaultDesktopOnly style to display a notification from a service application.

Diagnostic log is located here:
\\resources\resources\vfx\jeeves\softimage\workgroups\2014_SP2\Addons\ExocortexImplosiaFX1.6\Application\Plugins\bin\nt-x86-64\eah-2014Apr11_16h10.log

Please report this issue to support@exocortex.com with your details.
InvalidOperationException
   Msg: Showing a modal dialog box or form when the application is not running in UserInteractive mode is not a valid operation. Specify the ServiceNotification or DefaultDesktopOnly style to display a notification from a service application.
   Stack: 
      at System.Windows.Forms.Form.ShowDialog(IWin32Window owner)
   at System.Windows.Forms.Form.ShowDialog()
   at Exocortex.Apps.ExocortexActivationHelper.EAHApp.ShowLicensingDialog()
   at Exocortex.Apps.ExocortexActivationHelper.EAHMain.Main(String[] args)
}
macAddresses: /00-25-90-49-41-97/00-25-90-49-41-96
activationUrl: http://www.exocortex.com/simulation/implosiafx
purchaseUrl: http://www.exocortex.com/simulation/implosiafx
productName: ExocortexImplosiaFX1.6
licenseMessage: Could not find a license file for $PRODUCTNAME$.
licensingMode: 0
daysRemaining: 0
Unhandled exception occured:

Type: InvalidOperationException
Message: Showing a modal dialog box or form when the application is not running in UserInteractive mode is not a valid operation. Specify the ServiceNotification or DefaultDesktopOnly style to display a notification from a service application.

Diagnostic log is located here:
\\resources\resources\vfx\jeeves\softimage\workgroups\2014_SP2\Addons\ExocortexImplosiaFX1.6\Application\Plugins\bin\nt-x86-64\eah-2014Apr11_16h10.log

Please report this issue to support@exocortex.com with your details.
InvalidOperationException
   Msg: Showing a modal dialog box or form when the application is not running in UserInteractive mode is not a valid operation. Specify the ServiceNotification or DefaultDesktopOnly style to display a notification from a service application.
   Stack: 
      at System.Windows.Forms.Form.ShowDialog(IWin32Window owner)
   at System.Windows.Forms.Form.ShowDialog()
   at Exocortex.Apps.ExocortexActivationHelper.EAHApp.ShowLicensingDialog()
   at Exocortex.Apps.ExocortexActivationHelper.EAHMain.Main(String[] args)
}
macAddresses: /00-25-90-4B-14-73/00-25-90-4B-14-72
activationUrl: http://www.exocortex.com/simulation/implosiafx
purchaseUrl: http://www.exocortex.com/simulation/implosiafx
productName: ExocortexImplosiaFX1.6
licenseMessage: Could not find a license file for $PRODUCTNAME$.
licensingMode: 0
daysRemaining: 0
Unhandled exception occured:

Type: InvalidOperationException
Message: Showing a modal dialog box or form when the application is not running in UserInteractive mode is not a valid operation. Specify the ServiceNotification or DefaultDesktopOnly style to display a notification from a service application.

Diagnostic log is located here:
\\resources\resources\vfx\jeeves\softimage\workgroups\2014_SP2\Addons\ExocortexImplosiaFX1.6\Application\Plugins\bin\nt-x86-64\eah-2014Apr11_16h10.log

Please report this issue to support@exocortex.com with your details.
InvalidOperationException
   Msg: Showing a modal dialog box or form when the application is not running in UserInteractive mode is not a valid operation. Specify the ServiceNotification or DefaultDesktopOnly style to display a notification from a service application.
   Stack: 
      at System.Windows.Forms.Form.ShowDialog(IWin32Window owner)
   at System.Windows.Forms.Form.ShowDialog()
   at Exocortex.Apps.ExocortexActivationHelper.EAHApp.ShowLicensingDialog()
   at Exocortex.Apps.ExocortexActivationHelper.EAHMain.Main(String[] args)
}
macAddresses: /00-25-90-48-C2-63/00-25-90-48-C2-62
activationUrl: http://www.exocortex.com/simulation/implosiafx
purchaseUrl: http://www.exocortex.com/simulation/implosiafx
productName: ExocortexImplosiaFX1.6
licenseMessage: Could not find a license file for $PRODUCTNAME$.
licensingMode: 0
daysRemaining: 0
Unhandled exception occured:

Type: InvalidOperationException
Message: Showing a modal dialog box or form when the application is not running in UserInteractive mode is not a valid operation. Specify the ServiceNotification or DefaultDesktopOnly style to display a notification from a service application.

Diagnostic log is located here:
\\resources\resources\vfx\jeeves\softimage\workgroups\2014_SP2\Addons\ExocortexImplosiaFX1.6\Application\Plugins\bin\nt-x86-64\eah-2014Apr11_16h10.log

Please report this issue to support@exocortex.com with your details.
InvalidOperationException
   Msg: Showing a modal dialog box or form when the application is not running in UserInteractive mode is not a valid operation. Specify the ServiceNotification or DefaultDesktopOnly style to display a notification from a service application.
   Stack: 
      at System.Windows.Forms.Form.ShowDialog(IWin32Window owner)
   at System.Windows.Forms.Form.ShowDialog()
   at Exocortex.Apps.ExocortexActivationHelper.EAHApp.ShowLicensingDialog()
   at Exocortex.Apps.ExocortexActivationHelper.EAHMain.Main(String[] args)
}
macAddresses: /00-25-90-4B-13-37/00-25-90-4B-13-36
activationUrl: http://www.exocortex.com/simulation/implosiafx
purchaseUrl: http://www.exocortex.com/simulation/implosiafx
productName: ExocortexImplosiaFX1.6
licenseMessage: Could not find a license file for $PRODUCTNAME$.
licensingMode: 0
daysRemaining: 0
Unhandled exception occured:

Type: InvalidOperationException
Message: Showing a modal dialog box or form when the application is not running in UserInteractive mode is not a valid operation. Specify the ServiceNotification or DefaultDesktopOnly style to display a notification from a service application.

Diagnostic log is located here:
\\resources\resources\vfx\jeeves\softimage\workgroups\2014_SP2\Addons\ExocortexImplosiaFX1.6\Application\Plugins\bin\nt-x86-64\eah-2014Apr11_16h10.log

Please report this issue to support@exocortex.com with your details.
InvalidOperationException
   Msg: Showing a modal dialog box or form when the application is not running in UserInteractive mode is not a valid operation. Specify the ServiceNotification or DefaultDesktopOnly style to display a notification from a service application.
   Stack: 
      at System.Windows.Forms.Form.ShowDialog(IWin32Window owner)
   at System.Windows.Forms.Form.ShowDialog()
   at Exocortex.Apps.ExocortexActivationHelper.EAHApp.ShowLicensingDialog()
   at Exocortex.Apps.ExocortexActivationHelper.EAHMain.Main(String[] args)
}
macAddresses: /00-25-90-49-41-9B/00-25-90-49-41-9A
activationUrl: http://www.exocortex.com/simulation/implosiafx
purchaseUrl: http://www.exocortex.com/simulation/implosiafx
productName: ExocortexImplosiaFX1.6
licenseMessage: Could not find a license file for $PRODUCTNAME$.
licensingMode: 0
daysRemaining: 0
Unhandled exception occured:

Type: InvalidOperationException
Message: Showing a modal dialog box or form when the application is not running in UserInteractive mode is not a valid operation. Specify the ServiceNotification or DefaultDesktopOnly style to display a notification from a service application.

Diagnostic log is located here:
\\resources\resources\vfx\jeeves\softimage\workgroups\2014_SP2\Addons\ExocortexImplosiaFX1.6\Application\Plugins\bin\nt-x86-64\eah-2014Apr11_16h10.log

Please report this issue to support@exocortex.com with your details.
InvalidOperationException
   Msg: Showing a modal dialog box or form when the application is not running in UserInteractive mode is not a valid operation. Specify the ServiceNotification or DefaultDesktopOnly style to display a notification from a service application.
   Stack: 
      at System.Windows.Forms.Form.ShowDialog(IWin32Window owner)
   at System.Windows.Forms.Form.ShowDialog()
   at Exocortex.Apps.ExocortexActivationHelper.EAHApp.ShowLicensingDialog()
   at Exocortex.Apps.ExocortexActivationHelper.EAHMain.Main(String[] args)
}
macAddresses: /00-25-90-4B-0F-CB/00-25-90-4B-0F-CA
activationUrl: http://www.exocortex.com/simulation/implosiafx
purchaseUrl: http://www.exocortex.com/simulation/implosiafx
productName: ExocortexImplosiaFX1.6
licenseMessage: Could not find a license file for $PRODUCTNAME$.
licensingMode: 0
daysRemaining: 0
Unhandled exception occured:

Type: InvalidOperationException
Message: Showing a modal dialog box or form when the application is not running in UserInteractive mode is not a valid operation. Specify the ServiceNotification or DefaultDesktopOnly style to display a notification from a service application.

Diagnostic log is located here:
\\resources\resources\vfx\jeeves\softimage\workgroups\2014_SP2\Addons\ExocortexImplosiaFX1.6\Application\Plugins\bin\nt-x86-64\eah-2014Apr11_16h10.log

Please report this issue to support@exocortex.com with your details.
InvalidOperationException
   Msg: Showing a modal dialog box or form when the application is not running in UserInteractive mode is not a valid operation. Specify the ServiceNotification or DefaultDesktopOnly style to display a notification from a service application.
   Stack: 
      at System.Windows.Forms.Form.ShowDialog(IWin32Window owner)
   at System.Windows.Forms.Form.ShowDialog()
   at Exocortex.Apps.ExocortexActivationHelper.EAHApp.ShowLicensingDialog()
   at Exocortex.Apps.ExocortexActivationHelper.EAHMain.Main(String[] args)
}
macAddresses: /00-25-90-49-16-77/00-25-90-49-16-76
activationUrl: http://www.exocortex.com/simulation/implosiafx
purchaseUrl: http://www.exocortex.com/simulation/implosiafx
productName: ExocortexImplosiaFX1.6
licenseMessage: Could not find a license file for $PRODUCTNAME$.
licensingMode: 0
daysRemaining: 0
Unhandled exception occured:

Type: InvalidOperationException
Message: Showing a modal dialog box or form when the application is not running in UserInteractive mode is not a valid operation. Specify the ServiceNotification or DefaultDesktopOnly style to display a notification from a service application.

Diagnostic log is located here:
\\resources\resources\vfx\jeeves\softimage\workgroups\2014_SP2\Addons\ExocortexImplosiaFX1.6\Application\Plugins\bin\nt-x86-64\eah-2014Apr11_16h10.log

Please report this issue to support@exocortex.com with your details.
InvalidOperationException
   Msg: Showing a modal dialog box or form when the application is not running in UserInteractive mode is not a valid operation. Specify the ServiceNotification or DefaultDesktopOnly style to display a notification from a service application.
   Stack: 
      at System.Windows.Forms.Form.ShowDialog(IWin32Window owner)
   at System.Windows.Forms.Form.ShowDialog()
   at Exocortex.Apps.ExocortexActivationHelper.EAHApp.ShowLicensingDialog()
   at Exocortex.Apps.ExocortexActivationHelper.EAHMain.Main(String[] args)
}
macAddresses: /00-25-90-49-41-95/00-25-90-49-41-94
activationUrl: http://www.exocortex.com/simulation/implosiafx
purchaseUrl: http://www.exocortex.com/simulation/implosiafx
productName: ExocortexImplosiaFX1.6
licenseMessage: Could not find a license file for $PRODUCTNAME$.
licensingMode: 0
daysRemaining: 0
Unhandled exception occured:

Type: InvalidOperationException
Message: Showing a modal dialog box or form when the application is not running in UserInteractive mode is not a valid operation. Specify the ServiceNotification or DefaultDesktopOnly style to display a notification from a service application.

Diagnostic log is located here:
\\resources\resources\vfx\jeeves\softimage\workgroups\2014_SP2\Addons\ExocortexImplosiaFX1.6\Application\Plugins\bin\nt-x86-64\eah-2014Apr11_16h10.log

Please report this issue to support@exocortex.com with your details.
InvalidOperationException
   Msg: Showing a modal dialog box or form when the application is not running in UserInteractive mode is not a valid operation. Specify the ServiceNotification or DefaultDesktopOnly style to display a notification from a service application.
   Stack: 
      at System.Windows.Forms.Form.ShowDialog(IWin32Window owner)
   at System.Windows.Forms.Form.ShowDialog()
   at Exocortex.Apps.ExocortexActivationHelper.EAHApp.ShowLicensingDialog()
   at Exocortex.Apps.ExocortexActivationHelper.EAHMain.Main(String[] args)
}
macAddresses: /00-25-90-4B-14-6B/00-25-90-4B-14-6A
activationUrl: http://www.exocortex.com/simulation/implosiafx
purchaseUrl: http://www.exocortex.com/simulation/implosiafx
productName: ExocortexImplosiaFX1.6
licenseMessage: Could not find a license file for $PRODUCTNAME$.
licensingMode: 0
daysRemaining: 0
Unhandled exception occured:

Type: InvalidOperationException
Message: Showing a modal dialog box or form when the application is not running in UserInteractive mode is not a valid operation. Specify the ServiceNotification or DefaultDesktopOnly style to display a notification from a service application.

Diagnostic log is located here:
\\resources\resources\vfx\jeeves\softimage\workgroups\2014_SP2\Addons\ExocortexImplosiaFX1.6\Application\Plugins\bin\nt-x86-64\eah-2014Apr11_16h10.log

Please report this issue to support@exocortex.com with your details.
InvalidOperationException
   Msg: Showing a modal dialog box or form when the application is not running in UserInteractive mode is not a valid operation. Specify the ServiceNotification or DefaultDesktopOnly style to display a notification from a service application.
   Stack: 
      at System.Windows.Forms.Form.ShowDialog(IWin32Window owner)
   at System.Windows.Forms.Form.ShowDialog()
   at Exocortex.Apps.ExocortexActivationHelper.EAHApp.ShowLicensingDialog()
   at Exocortex.Apps.ExocortexActivationHelper.EAHMain.Main(String[] args)
}
macAddresses: /68-B5-99-C0-48-C2/68-B5-99-C0-48-C0/68-B5-99-C0-48-C6/68-B5-99-C0-48-C4
activationUrl: http://www.exocortex.com/simulation/implosiafx
purchaseUrl: http://www.exocortex.com/simulation/implosiafx
productName: ExocortexImplosiaFX1.6
licenseMessage: Could not find a license file for $PRODUCTNAME$.
licensingMode: 0
daysRemaining: 0
Unhandled exception occured:

Type: InvalidOperationException
Message: Showing a modal dialog box or form when the application is not running in UserInteractive mode is not a valid operation. Specify the ServiceNotification or DefaultDesktopOnly style to display a notification from a service application.

Diagnostic log is located here:
\\resources\resources\vfx\jeeves\softimage\workgroups\2014_SP2\Addons\ExocortexImplosiaFX1.6\Application\Plugins\bin\nt-x86-64\eah-2014Apr11_16h10.log

Please report this issue to support@exocortex.com with your details.
InvalidOperationException
   Msg: Showing a modal dialog box or form when the application is not running in UserInteractive mode is not a valid operation. Specify the ServiceNotification or DefaultDesktopOnly style to display a notification from a service application.
   Stack: 
      at System.Windows.Forms.Form.ShowDialog(IWin32Window owner)
   at System.Windows.Forms.Form.ShowDialog()
   at Exocortex.Apps.ExocortexActivationHelper.EAHApp.ShowLicensingDialog()
   at Exocortex.Apps.ExocortexActivationHelper.EAHMain.Main(String[] args)
}
macAddresses: /00-25-90-4B-14-57/00-25-90-4B-14-56
activationUrl: http://www.exocortex.com/simulation/implosiafx
purchaseUrl: http://www.exocortex.com/simulation/implosiafx
productName: ExocortexImplosiaFX1.6
licenseMessage: Could not find a license file for $PRODUCTNAME$.
licensingMode: 0
daysRemaining: 0
Unhandled exception occured:

Type: InvalidOperationException
Message: Showing a modal dialog box or form when the application is not running in UserInteractive mode is not a valid operation. Specify the ServiceNotification or DefaultDesktopOnly style to display a notification from a service application.

Diagnostic log is located here:
\\resources\resources\vfx\jeeves\softimage\workgroups\2014_SP2\Addons\ExocortexImplosiaFX1.6\Application\Plugins\bin\nt-x86-64\eah-2014Apr11_16h10.log

Please report this issue to support@exocortex.com with your details.
InvalidOperationException
   Msg: Showing a modal dialog box or form when the application is not running in UserInteractive mode is not a valid operation. Specify the ServiceNotification or DefaultDesktopOnly style to display a notification from a service application.
   Stack: 
      at System.Windows.Forms.Form.ShowDialog(IWin32Window owner)
   at System.Windows.Forms.Form.ShowDialog()
   at Exocortex.Apps.ExocortexActivationHelper.EAHApp.ShowLicensingDialog()
   at Exocortex.Apps.ExocortexActivationHelper.EAHMain.Main(String[] args)
}
macAddresses: /00-25-90-4B-0F-EB/00-25-90-4B-0F-EA
activationUrl: http://www.exocortex.com/simulation/implosiafx
purchaseUrl: http://www.exocortex.com/simulation/implosiafx
productName: ExocortexImplosiaFX1.6
licenseMessage: Could not find a license file for $PRODUCTNAME$.
licensingMode: 0
daysRemaining: 0
Unhandled exception occured:

Type: InvalidOperationException
Message: Showing a modal dialog box or form when the application is not running in UserInteractive mode is not a valid operation. Specify the ServiceNotification or DefaultDesktopOnly style to display a notification from a service application.

Diagnostic log is located here:
\\resources\resources\vfx\jeeves\softimage\workgroups\2014_SP2\Addons\ExocortexImplosiaFX1.6\Application\Plugins\bin\nt-x86-64\eah-2014Apr11_16h10.log

Please report this issue to support@exocortex.com with your details.
InvalidOperationException
   Msg: Showing a modal dialog box or form when the application is not running in UserInteractive mode is not a valid operation. Specify the ServiceNotification or DefaultDesktopOnly style to display a notification from a service application.
   Stack: 
      at System.Windows.Forms.Form.ShowDialog(IWin32Window owner)
   at System.Windows.Forms.Form.ShowDialog()
   at Exocortex.Apps.ExocortexActivationHelper.EAHApp.ShowLicensingDialog()
   at Exocortex.Apps.ExocortexActivationHelper.EAHMain.Main(String[] args)
}
macAddresses: /00-25-90-49-41-97/00-25-90-49-41-96
activationUrl: http://www.exocortex.com/simulation/implosiafx
purchaseUrl: http://www.exocortex.com/simulation/implosiafx
productName: ExocortexImplosiaFX1.6
licenseMessage: Could not find a license file for $PRODUCTNAME$.
licensingMode: 0
daysRemaining: 0
Unhandled exception occured:

Type: InvalidOperationException
Message: Showing a modal dialog box or form when the application is not running in UserInteractive mode is not a valid operation. Specify the ServiceNotification or DefaultDesktopOnly style to display a notification from a service application.

Diagnostic log is located here:
\\resources\resources\vfx\jeeves\softimage\workgroups\2014_SP2\Addons\ExocortexImplosiaFX1.6\Application\Plugins\bin\nt-x86-64\eah-2014Apr11_16h10.log

Please report this issue to support@exocortex.com with your details.
InvalidOperationException
   Msg: Showing a modal dialog box or form when the application is not running in UserInteractive mode is not a valid operation. Specify the ServiceNotification or DefaultDesktopOnly style to display a notification from a service application.
   Stack: 
      at System.Windows.Forms.Form.ShowDialog(IWin32Window owner)
   at System.Windows.Forms.Form.ShowDialog()
   at Exocortex.Apps.ExocortexActivationHelper.EAHApp.ShowLicensingDialog()
   at Exocortex.Apps.ExocortexActivationHelper.EAHMain.Main(String[] args)
}
macAddresses: /00-25-90-49-13-61/00-25-90-49-13-60
activationUrl: http://www.exocortex.com/simulation/implosiafx
purchaseUrl: http://www.exocortex.com/simulation/implosiafx
productName: ExocortexImplosiaFX1.6
licenseMessage: Could not find a license file for $PRODUCTNAME$.
licensingMode: 0
daysRemaining: 0
Unhandled exception occured:

Type: InvalidOperationException
Message: Showing a modal dialog box or form when the application is not running in UserInteractive mode is not a valid operation. Specify the ServiceNotification or DefaultDesktopOnly style to display a notification from a service application.

Diagnostic log is located here:
\\resources\resources\vfx\jeeves\softimage\workgroups\2014_SP2\Addons\ExocortexImplosiaFX1.6\Application\Plugins\bin\nt-x86-64\eah-2014Apr11_16h10.log

Please report this issue to support@exocortex.com with your details.
InvalidOperationException
   Msg: Showing a modal dialog box or form when the application is not running in UserInteractive mode is not a valid operation. Specify the ServiceNotification or DefaultDesktopOnly style to display a notification from a service application.
   Stack: 
      at System.Windows.Forms.Form.ShowDialog(IWin32Window owner)
   at System.Windows.Forms.Form.ShowDialog()
   at Exocortex.Apps.ExocortexActivationHelper.EAHApp.ShowLicensingDialog()
   at Exocortex.Apps.ExocortexActivationHelper.EAHMain.Main(String[] args)
}
macAddresses: /00-25-90-48-C2-63/00-25-90-48-C2-62
activationUrl: http://www.exocortex.com/simulation/implosiafx
purchaseUrl: http://www.exocortex.com/simulation/implosiafx
productName: ExocortexImplosiaFX1.6
licenseMessage: Could not find a license file for $PRODUCTNAME$.
licensingMode: 0
daysRemaining: 0
Unhandled exception occured:

Type: InvalidOperationException
Message: Showing a modal dialog box or form when the application is not running in UserInteractive mode is not a valid operation. Specify the ServiceNotification or DefaultDesktopOnly style to display a notification from a service application.

Diagnostic log is located here:
\\resources\resources\vfx\jeeves\softimage\workgroups\2014_SP2\Addons\ExocortexImplosiaFX1.6\Application\Plugins\bin\nt-x86-64\eah-2014Apr11_16h10.log

Please report this issue to support@exocortex.com with your details.
InvalidOperationException
   Msg: Showing a modal dialog box or form when the application is not running in UserInteractive mode is not a valid operation. Specify the ServiceNotification or DefaultDesktopOnly style to display a notification from a service application.
   Stack: 
      at System.Windows.Forms.Form.ShowDialog(IWin32Window owner)
   at System.Windows.Forms.Form.ShowDialog()
   at Exocortex.Apps.ExocortexActivationHelper.EAHApp.ShowLicensingDialog()
   at Exocortex.Apps.ExocortexActivationHelper.EAHMain.Main(String[] args)
}
macAddresses: /00-25-90-4B-13-37/00-25-90-4B-13-36
activationUrl: http://www.exocortex.com/simulation/implosiafx
purchaseUrl: http://www.exocortex.com/simulation/implosiafx
productName: ExocortexImplosiaFX1.6
licenseMessage: Could not find a license file for $PRODUCTNAME$.
licensingMode: 0
daysRemaining: 0
Unhandled exception occured:

Type: InvalidOperationException
Message: Showing a modal dialog box or form when the application is not running in UserInteractive mode is not a valid operation. Specify the ServiceNotification or DefaultDesktopOnly style to display a notification from a service application.

Diagnostic log is located here:
\\resources\resources\vfx\jeeves\softimage\workgroups\2014_SP2\Addons\ExocortexImplosiaFX1.6\Application\Plugins\bin\nt-x86-64\eah-2014Apr11_16h10.log

Please report this issue to support@exocortex.com with your details.
InvalidOperationException
   Msg: Showing a modal dialog box or form when the application is not running in UserInteractive mode is not a valid operation. Specify the ServiceNotification or DefaultDesktopOnly style to display a notification from a service application.
   Stack: 
      at System.Windows.Forms.Form.ShowDialog(IWin32Window owner)
   at System.Windows.Forms.Form.ShowDialog()
   at Exocortex.Apps.ExocortexActivationHelper.EAHApp.ShowLicensingDialog()
   at Exocortex.Apps.ExocortexActivationHelper.EAHMain.Main(String[] args)
}
macAddresses: /00-25-90-4B-0F-CB/00-25-90-4B-0F-CA
activationUrl: http://www.exocortex.com/simulation/implosiafx
purchaseUrl: http://www.exocortex.com/simulation/implosiafx
productName: ExocortexImplosiaFX1.6
licenseMessage: Could not find a license file for $PRODUCTNAME$.
licensingMode: 0
daysRemaining: 0
Unhandled exception occured:

Type: InvalidOperationException
Message: Showing a modal dialog box or form when the application is not running in UserInteractive mode is not a valid operation. Specify the ServiceNotification or DefaultDesktopOnly style to display a notification from a service application.

Diagnostic log is located here:
\\resources\resources\vfx\jeeves\softimage\workgroups\2014_SP2\Addons\ExocortexImplosiaFX1.6\Application\Plugins\bin\nt-x86-64\eah-2014Apr11_16h10.log

Please report this issue to support@exocortex.com with your details.
InvalidOperationException
   Msg: Showing a modal dialog box or form when the application is not running in UserInteractive mode is not a valid operation. Specify the ServiceNotification or DefaultDesktopOnly style to display a notification from a service application.
   Stack: 
      at System.Windows.Forms.Form.ShowDialog(IWin32Window owner)
   at System.Windows.Forms.Form.ShowDialog()
   at Exocortex.Apps.ExocortexActivationHelper.EAHApp.ShowLicensingDialog()
   at Exocortex.Apps.ExocortexActivationHelper.EAHMain.Main(String[] args)
}
macAddresses: /00-25-90-49-41-9B/00-25-90-49-41-9A
activationUrl: http://www.exocortex.com/simulation/implosiafx
purchaseUrl: http://www.exocortex.com/simulation/implosiafx
productName: ExocortexImplosiaFX1.6
licenseMessage: Could not find a license file for $PRODUCTNAME$.
licensingMode: 0
daysRemaining: 0
Unhandled exception occured:

Type: InvalidOperationException
Message: Showing a modal dialog box or form when the application is not running in UserInteractive mode is not a valid operation. Specify the ServiceNotification or DefaultDesktopOnly style to display a notification from a service application.

Diagnostic log is located here:
\\resources\resources\vfx\jeeves\softimage\workgroups\2014_SP2\Addons\ExocortexImplosiaFX1.6\Application\Plugins\bin\nt-x86-64\eah-2014Apr11_16h10.log

Please report this issue to support@exocortex.com with your details.
InvalidOperationException
   Msg: Showing a modal dialog box or form when the application is not running in UserInteractive mode is not a valid operation. Specify the ServiceNotification or DefaultDesktopOnly style to display a notification from a service application.
   Stack: 
      at System.Windows.Forms.Form.ShowDialog(IWin32Window owner)
   at System.Windows.Forms.Form.ShowDialog()
   at Exocortex.Apps.ExocortexActivationHelper.EAHApp.ShowLicensingDialog()
   at Exocortex.Apps.ExocortexActivationHelper.EAHMain.Main(String[] args)
}
macAddresses: /00-25-90-4B-14-5B/00-25-90-4B-14-5A
activationUrl: http://www.exocortex.com/simulation/implosiafx
purchaseUrl: http://www.exocortex.com/simulation/implosiafx
productName: ExocortexImplosiaFX1.6
licenseMessage: Could not find a license file for $PRODUCTNAME$.
licensingMode: 0
daysRemaining: 0
Unhandled exception occured:

Type: InvalidOperationException
Message: Showing a modal dialog box or form when the application is not running in UserInteractive mode is not a valid operation. Specify the ServiceNotification or DefaultDesktopOnly style to display a notification from a service application.

Diagnostic log is located here:
\\resources\resources\vfx\jeeves\softimage\workgroups\2014_SP2\Addons\ExocortexImplosiaFX1.6\Application\Plugins\bin\nt-x86-64\eah-2014Apr11_16h10.log

Please report this issue to support@exocortex.com with your details.
InvalidOperationException
   Msg: Showing a modal dialog box or form when the application is not running in UserInteractive mode is not a valid operation. Specify the ServiceNotification or DefaultDesktopOnly style to display a notification from a service application.
   Stack: 
      at System.Windows.Forms.Form.ShowDialog(IWin32Window owner)
   at System.Windows.Forms.Form.ShowDialog()
   at Exocortex.Apps.ExocortexActivationHelper.EAHApp.ShowLicensingDialog()
   at Exocortex.Apps.ExocortexActivationHelper.EAHMain.Main(String[] args)
}
macAddresses: /68-B5-99-C0-48-C2/68-B5-99-C0-48-C0/68-B5-99-C0-48-C6/68-B5-99-C0-48-C4
activationUrl: http://www.exocortex.com/simulation/implosiafx
purchaseUrl: http://www.exocortex.com/simulation/implosiafx
productName: ExocortexImplosiaFX1.6
licenseMessage: Could not find a license file for $PRODUCTNAME$.
licensingMode: 0
daysRemaining: 0
Unhandled exception occured:

Type: InvalidOperationException
Message: Showing a modal dialog box or form when the application is not running in UserInteractive mode is not a valid operation. Specify the ServiceNotification or DefaultDesktopOnly style to display a notification from a service application.

Diagnostic log is located here:
\\resources\resources\vfx\jeeves\softimage\workgroups\2014_SP2\Addons\ExocortexImplosiaFX1.6\Application\Plugins\bin\nt-x86-64\eah-2014Apr11_16h10.log

Please report this issue to support@exocortex.com with your details.
InvalidOperationException
   Msg: Showing a modal dialog box or form when the application is not running in UserInteractive mode is not a valid operation. Specify the ServiceNotification or DefaultDesktopOnly style to display a notification from a service application.
   Stack: 
      at System.Windows.Forms.Form.ShowDialog(IWin32Window owner)
   at System.Windows.Forms.Form.ShowDialog()
   at Exocortex.Apps.ExocortexActivationHelper.EAHApp.ShowLicensingDialog()
   at Exocortex.Apps.ExocortexActivationHelper.EAHMain.Main(String[] args)
}
macAddresses: /00-25-90-4B-0F-EB/00-25-90-4B-0F-EA
activationUrl: http://www.exocortex.com/simulation/implosiafx
purchaseUrl: http://www.exocortex.com/simulation/implosiafx
productName: ExocortexImplosiaFX1.6
licenseMessage: Could not find a license file for $PRODUCTNAME$.
licensingMode: 0
daysRemaining: 0
Unhandled exception occured:

Type: InvalidOperationException
Message: Showing a modal dialog box or form when the application is not running in UserInteractive mode is not a valid operation. Specify the ServiceNotification or DefaultDesktopOnly style to display a notification from a service application.

Diagnostic log is located here:
\\resources\resources\vfx\jeeves\softimage\workgroups\2014_SP2\Addons\ExocortexImplosiaFX1.6\Application\Plugins\bin\nt-x86-64\eah-2014Apr11_16h10.log

Please report this issue to support@exocortex.com with your details.
InvalidOperationException
   Msg: Showing a modal dialog box or form when the application is not running in UserInteractive mode is not a valid operation. Specify the ServiceNotification or DefaultDesktopOnly style to display a notification from a service application.
   Stack: 
      at System.Windows.Forms.Form.ShowDialog(IWin32Window owner)
   at System.Windows.Forms.Form.ShowDialog()
   at Exocortex.Apps.ExocortexActivationHelper.EAHApp.ShowLicensingDialog()
   at Exocortex.Apps.ExocortexActivationHelper.EAHMain.Main(String[] args)
}
macAddresses: /00-25-90-4B-0F-E9/00-25-90-4B-0F-E8
activationUrl: http://www.exocortex.com/simulation/implosiafx
purchaseUrl: http://www.exocortex.com/simulation/implosiafx
productName: ExocortexImplosiaFX1.6
licenseMessage: Could not find a license file for $PRODUCTNAME$.
licensingMode: 0
daysRemaining: 0
Unhandled exception occured:

Type: InvalidOperationException
Message: Showing a modal dialog box or form when the application is not running in UserInteractive mode is not a valid operation. Specify the ServiceNotification or DefaultDesktopOnly style to display a notification from a service application.

Diagnostic log is located here:
\\resources\resources\vfx\jeeves\softimage\workgroups\2014_SP2\Addons\ExocortexImplosiaFX1.6\Application\Plugins\bin\nt-x86-64\eah-2014Apr11_16h10.log

Please report this issue to support@exocortex.com with your details.
InvalidOperationException
   Msg: Showing a modal dialog box or form when the application is not running in UserInteractive mode is not a valid operation. Specify the ServiceNotification or DefaultDesktopOnly style to display a notification from a service application.
   Stack: 
      at System.Windows.Forms.Form.ShowDialog(IWin32Window owner)
   at System.Windows.Forms.Form.ShowDialog()
   at Exocortex.Apps.ExocortexActivationHelper.EAHApp.ShowLicensingDialog()
   at Exocortex.Apps.ExocortexActivationHelper.EAHMain.Main(String[] args)
}
macAddresses: /00-25-90-4B-14-37/00-25-90-4B-14-36
activationUrl: http://www.exocortex.com/simulation/implosiafx
purchaseUrl: http://www.exocortex.com/simulation/implosiafx
productName: ExocortexImplosiaFX1.6
licenseMessage: Could not find a license file for $PRODUCTNAME$.
licensingMode: 0
daysRemaining: 0
Unhandled exception occured:

Type: InvalidOperationException
Message: Showing a modal dialog box or form when the application is not running in UserInteractive mode is not a valid operation. Specify the ServiceNotification or DefaultDesktopOnly style to display a notification from a service application.

Diagnostic log is located here:
\\resources\resources\vfx\jeeves\softimage\workgroups\2014_SP2\Addons\ExocortexImplosiaFX1.6\Application\Plugins\bin\nt-x86-64\eah-2014Apr11_16h10.log

Please report this issue to support@exocortex.com with your details.
InvalidOperationException
   Msg: Showing a modal dialog box or form when the application is not running in UserInteractive mode is not a valid operation. Specify the ServiceNotification or DefaultDesktopOnly style to display a notification from a service application.
   Stack: 
      at System.Windows.Forms.Form.ShowDialog(IWin32Window owner)
   at System.Windows.Forms.Form.ShowDialog()
   at Exocortex.Apps.ExocortexActivationHelper.EAHApp.ShowLicensingDialog()
   at Exocortex.Apps.ExocortexActivationHelper.EAHMain.Main(String[] args)
}
macAddresses: /00-25-90-4B-14-73/00-25-90-4B-14-72
activationUrl: http://www.exocortex.com/simulation/implosiafx
purchaseUrl: http://www.exocortex.com/simulation/implosiafx
productName: ExocortexImplosiaFX1.6
licenseMessage: Could not find a license file for $PRODUCTNAME$.
licensingMode: 0
daysRemaining: 0
Unhandled exception occured:

Type: InvalidOperationException
Message: Showing a modal dialog box or form when the application is not running in UserInteractive mode is not a valid operation. Specify the ServiceNotification or DefaultDesktopOnly style to display a notification from a service application.

Diagnostic log is located here:
\\resources\resources\vfx\jeeves\softimage\workgroups\2014_SP2\Addons\ExocortexImplosiaFX1.6\Application\Plugins\bin\nt-x86-64\eah-2014Apr11_16h10.log

Please report this issue to support@exocortex.com with your details.
InvalidOperationException
   Msg: Showing a modal dialog box or form when the application is not running in UserInteractive mode is not a valid operation. Specify the ServiceNotification or DefaultDesktopOnly style to display a notification from a service application.
   Stack: 
      at System.Windows.Forms.Form.ShowDialog(IWin32Window owner)
   at System.Windows.Forms.Form.ShowDialog()
   at Exocortex.Apps.ExocortexActivationHelper.EAHApp.ShowLicensingDialog()
   at Exocortex.Apps.ExocortexActivationHelper.EAHMain.Main(String[] args)
}
macAddresses: /00-25-90-49-13-61/00-25-90-49-13-60
activationUrl: http://www.exocortex.com/simulation/implosiafx
purchaseUrl: http://www.exocortex.com/simulation/implosiafx
productName: ExocortexImplosiaFX1.6
licenseMessage: Could not find a license file for $PRODUCTNAME$.
licensingMode: 0
daysRemaining: 0
Unhandled exception occured:

Type: InvalidOperationException
Message: Showing a modal dialog box or form when the application is not running in UserInteractive mode is not a valid operation. Specify the ServiceNotification or DefaultDesktopOnly style to display a notification from a service application.

Diagnostic log is located here:
\\resources\resources\vfx\jeeves\softimage\workgroups\2014_SP2\Addons\ExocortexImplosiaFX1.6\Application\Plugins\bin\nt-x86-64\eah-2014Apr11_16h10.log

Please report this issue to support@exocortex.com with your details.
InvalidOperationException
   Msg: Showing a modal dialog box or form when the application is not running in UserInteractive mode is not a valid operation. Specify the ServiceNotification or DefaultDesktopOnly style to display a notification from a service application.
   Stack: 
      at System.Windows.Forms.Form.ShowDialog(IWin32Window owner)
   at System.Windows.Forms.Form.ShowDialog()
   at Exocortex.Apps.ExocortexActivationHelper.EAHApp.ShowLicensingDialog()
   at Exocortex.Apps.ExocortexActivationHelper.EAHMain.Main(String[] args)
}
